http://test.k6.io
get_contacts
<!DOCTYPE HTML PUBLIC "-//W3C//DTD HTML 4.01 Transitional//EN">
<html>
<head>
<title>Contacts</title>
<meta http-equiv="Content-Type" content="text/html; charset=UTF-8">
<link rel="icon" href="/static/favicon.ico" sizes="32x32">
</head>
<body>
<p><a href="/">&lt; Back</a></p>

<h3>Contact us</h3>
<address>
k6 (Load Impact AB)<br>
G&ouml;tgatan 14<br>
118 46 Stockholm, Sweden<br>
<b>support@k6.io</b><br>
</address>

<p><small>Imitation page. Copyright &copy; 2020, k6.io</small></p>

</body>
</html>

http://test.k6.io
get_contacts
<!DOCTYPE HTML PUBLIC "-//W3C//DTD HTML 4.01 Transitional//EN">
<html>
<head>
<title>Contacts</title>
<meta http-equiv="Content-Type" content="text/html; charset=UTF-8">
<link rel="icon" href="/static/favicon.ico" sizes="32x32">
</head>
<body>
<p><a href="/">&lt; Back</a></p>

<h3>Contact us</h3>
<address>
k6 (Load Impact AB)<br>
G&ouml;tgatan 14<br>
118 46 Stockholm, Sweden<br>
<b>support@k6.io</b><br>
</address>

<p><small>Imitation page. Copyright &copy; 2020, k6.io</small></p>

</body>
</html>

